INFO 2020-03-05 11:03:36 n.m.a.AccountSvcApplication.logStarting 55 :Starting AccountSvcApplication on DESKTOP-8GM52RO with PID 15184 (D:\IDEA--ck\customer\account-svc\target\classes started by 23059 in D:\IDEA--ck\customer)
INFO 2020-03-05 11:03:36 n.m.a.AccountSvcApplication.logStartupProfileInfo 651 :No active profile set, falling back to default profiles: default
INFO 2020-03-05 11:03:38 o.s.b.w.e.t.TomcatWebServer.initialize 92 :Tomcat initialized with port(s): 9000 (http)
INFO 2020-03-05 11:03:38 o.a.c.core.StandardService.log 173 :Starting service [Tomcat]
INFO 2020-03-05 11:03:38 o.a.c.core.StandardEngine.log 173 :Starting Servlet engine: [Apache Tomcat/9.0.31]
INFO 2020-03-05 11:03:38 o.a.c.c.C.[.[.[/account-svc].log 173 :Initializing Spring embedded WebApplicationContext
INFO 2020-03-05 11:03:38 o.s.web.context.ContextLoader.prepareWebApplicationContext 284 :Root WebApplicationContext: initialization completed in 1419 ms
INFO 2020-03-05 11:03:38 o.s.s.c.ThreadPoolTaskExecutor.initialize 181 :Initializing ExecutorService 'applicationTaskExecutor'
INFO 2020-03-05 11:03:38 o.s.b.w.e.t.TomcatWebServer.start 204 :Tomcat started on port(s): 9000 (http) with context path '/account-svc'
INFO 2020-03-05 11:03:38 n.m.a.AccountSvcApplication.logStarted 61 :Started AccountSvcApplication in 2.607 seconds (JVM running for 3.914)
INFO 2020-03-05 11:03:47 o.a.c.c.C.[.[.[/account-svc].log 173 :Initializing Spring DispatcherServlet 'dispatcherServlet'
INFO 2020-03-05 11:03:47 o.s.w.s.DispatcherServlet.initServletBean 525 :Initializing Servlet 'dispatcherServlet'
INFO 2020-03-05 11:03:47 o.s.w.s.DispatcherServlet.initServletBean 547 :Completed initialization in 6 ms
INFO 2020-03-05 11:03:48 n.m.a.c.AccountController.CreateAccount 26 :调用账户服务模块的createAccount方法来注册
DEBUG 2020-03-05 11:03:48 n.m.a.c.AccountController.CreateAccount 27 :23@qq.com
INFO 2020-03-05 16:09:15 n.m.a.AccountSvcApplication.logStarting 55 :Starting AccountSvcApplication on DESKTOP-8GM52RO with PID 14428 (D:\IDEA--ck\customer\account-svc\target\classes started by 23059 in D:\IDEA--ck\customer)
INFO 2020-03-05 16:09:15 n.m.a.AccountSvcApplication.logStartupProfileInfo 651 :No active profile set, falling back to default profiles: default
INFO 2020-03-05 16:09:17 o.s.b.w.e.t.TomcatWebServer.initialize 92 :Tomcat initialized with port(s): 9000 (http)
INFO 2020-03-05 16:09:17 o.a.c.core.StandardService.log 173 :Starting service [Tomcat]
INFO 2020-03-05 16:09:17 o.a.c.core.StandardEngine.log 173 :Starting Servlet engine: [Apache Tomcat/9.0.31]
INFO 2020-03-05 16:09:17 o.a.c.c.C.[.[.[/account-svc].log 173 :Initializing Spring embedded WebApplicationContext
INFO 2020-03-05 16:09:17 o.s.web.context.ContextLoader.prepareWebApplicationContext 284 :Root WebApplicationContext: initialization completed in 1430 ms
INFO 2020-03-05 16:09:17 o.s.s.c.ThreadPoolTaskExecutor.initialize 181 :Initializing ExecutorService 'applicationTaskExecutor'
INFO 2020-03-05 16:09:17 o.s.b.w.e.t.TomcatWebServer.start 204 :Tomcat started on port(s): 9000 (http) with context path '/account-svc'
INFO 2020-03-05 16:09:17 n.m.a.AccountSvcApplication.logStarted 61 :Started AccountSvcApplication in 2.516 seconds (JVM running for 3.865)
INFO 2020-03-05 16:10:14 o.a.c.c.C.[.[.[/account-svc].log 173 :Initializing Spring DispatcherServlet 'dispatcherServlet'
INFO 2020-03-05 16:10:14 o.s.w.s.DispatcherServlet.initServletBean 525 :Initializing Servlet 'dispatcherServlet'
INFO 2020-03-05 16:10:14 o.s.w.s.DispatcherServlet.initServletBean 547 :Completed initialization in 6 ms
INFO 2020-03-05 16:10:14 c.z.hikari.HikariDataSource.getConnection 110 :HikariPool-1 - Starting...
INFO 2020-03-05 16:10:15 c.z.hikari.HikariDataSource.getConnection 123 :HikariPool-1 - Start completed.
INFO 2020-03-05 18:23:42 n.m.a.AccountSvcApplication.logStartupProfileInfo 651 :No active profile set, falling back to default profiles: default
INFO 2020-03-05 18:23:43 o.s.c.c.scope.GenericScope.setSerializationId 294 :BeanFactory id=37e93506-f1d9-30e2-8ab8-98587bdff228
INFO 2020-03-05 18:23:43 o.s.c.s.PostProcessorRegistrationDelegate$BeanPostProcessorChecker.postProcessAfterInitialization 330 :Bean 'org.springframework.cloud.autoconfigure.ConfigurationPropertiesRebinderAutoConfiguration' of type [org.springframework.cloud.autoconfigure.ConfigurationPropertiesRebinderAutoConfiguration$$EnhancerBySpringCGLIB$$e185d754] is not eligible for getting processed by all BeanPostProcessors (for example: not eligible for auto-proxying)
INFO 2020-03-05 18:23:43 o.s.b.w.e.t.TomcatWebServer.initialize 92 :Tomcat initialized with port(s): 9000 (http)
INFO 2020-03-05 18:23:43 o.a.c.core.StandardService.log 173 :Starting service [Tomcat]
INFO 2020-03-05 18:23:43 o.a.c.core.StandardEngine.log 173 :Starting Servlet engine: [Apache Tomcat/9.0.31]
INFO 2020-03-05 18:23:44 o.a.c.c.C.[.[.[/account-svc].log 173 :Initializing Spring embedded WebApplicationContext
INFO 2020-03-05 18:23:44 o.s.web.context.ContextLoader.prepareWebApplicationContext 284 :Root WebApplicationContext: initialization completed in 1202 ms
WARN 2020-03-05 18:23:44 o.s.c.n.a.ArchaiusAutoConfiguration.configureArchaius 151 :No spring.application.name found, defaulting to 'application'
WARN 2020-03-05 18:23:44 c.n.c.s.URLConfigurationSource.<init> 120 :No URLs will be polled as dynamic configuration sources.
INFO 2020-03-05 18:23:44 c.n.c.s.URLConfigurationSource.<init> 121 :To enable URLs as dynamic configuration sources, define System property archaius.configurationSource.additionalUrls or make config.properties available on classpath.
WARN 2020-03-05 18:23:44 c.n.c.s.URLConfigurationSource.<init> 120 :No URLs will be polled as dynamic configuration sources.
INFO 2020-03-05 18:23:44 c.n.c.s.URLConfigurationSource.<init> 121 :To enable URLs as dynamic configuration sources, define System property archaius.configurationSource.additionalUrls or make config.properties available on classpath.
INFO 2020-03-05 18:23:44 o.s.s.c.ThreadPoolTaskExecutor.initialize 181 :Initializing ExecutorService 'applicationTaskExecutor'
INFO 2020-03-05 18:23:45 o.s.b.w.e.t.TomcatWebServer.start 204 :Tomcat started on port(s): 9000 (http) with context path '/account-svc'
INFO 2020-03-05 18:23:45 n.m.a.AccountSvcApplication.logStarted 61 :Started AccountSvcApplication in 6.106 seconds (JVM running for 7.727)
INFO 2020-03-05 18:24:46 n.m.a.AccountSvcApplication.logStartupProfileInfo 651 :No active profile set, falling back to default profiles: default
INFO 2020-03-05 18:24:47 o.s.c.c.scope.GenericScope.setSerializationId 294 :BeanFactory id=37e93506-f1d9-30e2-8ab8-98587bdff228
INFO 2020-03-05 18:24:47 o.s.c.s.PostProcessorRegistrationDelegate$BeanPostProcessorChecker.postProcessAfterInitialization 330 :Bean 'org.springframework.cloud.autoconfigure.ConfigurationPropertiesRebinderAutoConfiguration' of type [org.springframework.cloud.autoconfigure.ConfigurationPropertiesRebinderAutoConfiguration$$EnhancerBySpringCGLIB$$e185d754] is not eligible for getting processed by all BeanPostProcessors (for example: not eligible for auto-proxying)
INFO 2020-03-05 18:24:47 o.s.b.w.e.t.TomcatWebServer.initialize 92 :Tomcat initialized with port(s): 9000 (http)
INFO 2020-03-05 18:24:47 o.a.c.core.StandardService.log 173 :Starting service [Tomcat]
INFO 2020-03-05 18:24:47 o.a.c.core.StandardEngine.log 173 :Starting Servlet engine: [Apache Tomcat/9.0.31]
INFO 2020-03-05 18:24:47 o.a.c.c.C.[.[.[/account-svc].log 173 :Initializing Spring embedded WebApplicationContext
INFO 2020-03-05 18:24:47 o.s.web.context.ContextLoader.prepareWebApplicationContext 284 :Root WebApplicationContext: initialization completed in 1033 ms
WARN 2020-03-05 18:24:47 o.s.c.n.a.ArchaiusAutoConfiguration.configureArchaius 151 :No spring.application.name found, defaulting to 'application'
WARN 2020-03-05 18:24:47 c.n.c.s.URLConfigurationSource.<init> 120 :No URLs will be polled as dynamic configuration sources.
INFO 2020-03-05 18:24:47 c.n.c.s.URLConfigurationSource.<init> 121 :To enable URLs as dynamic configuration sources, define System property archaius.configurationSource.additionalUrls or make config.properties available on classpath.
WARN 2020-03-05 18:24:47 c.n.c.s.URLConfigurationSource.<init> 120 :No URLs will be polled as dynamic configuration sources.
INFO 2020-03-05 18:24:47 c.n.c.s.URLConfigurationSource.<init> 121 :To enable URLs as dynamic configuration sources, define System property archaius.configurationSource.additionalUrls or make config.properties available on classpath.
INFO 2020-03-05 18:24:48 o.s.s.c.ThreadPoolTaskExecutor.initialize 181 :Initializing ExecutorService 'applicationTaskExecutor'
INFO 2020-03-05 18:24:49 o.s.b.w.e.t.TomcatWebServer.start 204 :Tomcat started on port(s): 9000 (http) with context path '/account-svc'
INFO 2020-03-05 18:24:49 n.m.a.AccountSvcApplication.logStarted 61 :Started AccountSvcApplication in 5.417 seconds (JVM running for 6.848)
INFO 2020-03-05 18:25:05 o.a.c.c.C.[.[.[/account-svc].log 173 :Initializing Spring DispatcherServlet 'dispatcherServlet'
INFO 2020-03-05 18:25:05 o.s.w.s.DispatcherServlet.initServletBean 525 :Initializing Servlet 'dispatcherServlet'
INFO 2020-03-05 18:25:05 o.s.w.s.DispatcherServlet.initServletBean 547 :Completed initialization in 5 ms
INFO 2020-03-05 18:25:05 n.m.a.c.AccountController.CreateAccount 26 :调用账户服务模块的createAccount方法来注册
DEBUG 2020-03-05 18:25:05 n.m.a.c.AccountController.CreateAccount 27 :23@qq.com
